# JRE version: 7.0_17-b02
# Java VM: Java HotSpot(TM) 64-Bit Server VM (23.7-b01 mixed mode windows-amd64 compressed oops)
Heap
 PSYoungGen      total 35072K, used 29885K [0x00000000eaeb0000, 0x00000000ed390000, 0x0000000100000000)
  eden space 32384K, 84% used [0x00000000eaeb0000,0x00000000ec9412b0,0x00000000ece50000)
  from space 2688K, 99% used [0x00000000ece50000,0x00000000ed0ee450,0x00000000ed0f0000)
  to   space 2688K, 0% used [0x00000000ed0f0000,0x00000000ed0f0000,0x00000000ed390000)
 ParOldGen       total 43200K, used 138K [0x00000000c0c00000, 0x00000000c3630000, 0x00000000eaeb0000)
  object space 43200K, 0% used [0x00000000c0c00000,0x00000000c0c22bb0,0x00000000c3630000)
 PSPermGen       total 21248K, used 11176K [0x00000000bba00000, 0x00000000bcec0000, 0x00000000c0c00000)
  object space 21248K, 52% used [0x00000000bba00000,0x00000000bc4ea250,0x00000000bcec0000)
GC Heap History (6 events):
Event: 0.637 GC heap before
{Heap before GC invocations=1 (full 0):
 PSYoungGen      total 18880K, used 16192K [0x00000000eaeb0000, 0x00000000ec3c0000, 0x0000000100000000)
  eden space 16192K, 100% used [0x00000000eaeb0000,0x00000000ebe80000,0x00000000ebe80000)
  from space 2688K, 0% used [0x00000000ec120000,0x00000000ec120000,0x00000000ec3c0000)
  to   space 2688K, 0% used [0x00000000ebe80000,0x00000000ebe80000,0x00000000ec120000)
 ParOldGen       total 43200K, used 0K [0x00000000c0c00000, 0x00000000c3630000, 0x00000000eaeb0000)
  object space 43200K, 0% used [0x00000000c0c00000,0x00000000c0c00000,0x00000000c3630000)
 PSPermGen       total 21248K, used 4903K [0x00000000bba00000, 0x00000000bcec0000, 0x00000000c0c00000)
  object space 21248K, 23% used [0x00000000bba00000,0x00000000bbec9fb8,0x00000000bcec0000)
Event: 0.666 GC heap after
Heap after GC invocations=1 (full 0):
 PSYoungGen      total 18880K, used 1674K [0x00000000eaeb0000, 0x00000000ed390000, 0x0000000100000000)
  eden space 16192K, 0% used [0x00000000eaeb0000,0x00000000eaeb0000,0x00000000ebe80000)
  from space 2688K, 62% used [0x00000000ebe80000,0x00000000ec022af8,0x00000000ec120000)
  to   space 2688K, 0% used [0x00000000ed0f0000,0x00000000ed0f0000,0x00000000ed390000)
 ParOldGen       total 43200K, used 8K [0x00000000c0c00000, 0x00000000c3630000, 0x00000000eaeb0000)
  object space 43200K, 0% used [0x00000000c0c00000,0x00000000c0c02000,0x00000000c3630000)
 PSPermGen       total 21248K, used 4903K [0x00000000bba00000, 0x00000000bcec0000, 0x00000000c0c00000)
  object space 21248K, 23% used [0x00000000bba00000,0x00000000bbec9fb8,0x00000000bcec0000)
}
Event: 1.115 GC heap before
{Heap before GC invocations=2 (full 0):
 PSYoungGen      total 18880K, used 17866K [0x00000000eaeb0000, 0x00000000ed390000, 0x0000000100000000)
  eden space 16192K, 100% used [0x00000000eaeb0000,0x00000000ebe80000,0x00000000ebe80000)
  from space 2688K, 62% used [0x00000000ebe80000,0x00000000ec022af8,0x00000000ec120000)
  to   space 2688K, 0% used [0x00000000ed0f0000,0x00000000ed0f0000,0x00000000ed390000)
 ParOldGen       total 43200K, used 8K [0x00000000c0c00000, 0x00000000c3630000, 0x00000000eaeb0000)
  object space 43200K, 0% used [0x00000000c0c00000,0x00000000c0c02000,0x00000000c3630000)
 PSPermGen       total 21248K, used 7520K [0x00000000bba00000, 0x00000000bcec0000, 0x00000000c0c00000)
  object space 21248K, 35% used [0x00000000bba00000,0x00000000bc1580d0,0x00000000bcec0000)
Event: 1.118 GC heap after
Heap after GC invocations=2 (full 0):
 PSYoungGen      total 35072K, used 1832K [0x00000000eaeb0000, 0x00000000ed390000, 0x0000000100000000)
  eden space 32384K, 0% used [0x00000000eaeb0000,0x00000000eaeb0000,0x00000000ece50000)
  from space 2688K, 68% used [0x00000000ed0f0000,0x00000000ed2ba360,0x00000000ed390000)
  to   space 2688K, 0% used [0x00000000ece50000,0x00000000ece50000,0x00000000ed0f0000)
 ParOldGen       total 43200K, used 16K [0x00000000c0c00000, 0x00000000c3630000, 0x00000000eaeb0000)
  object space 43200K, 0% used [0x00000000c0c00000,0x00000000c0c04000,0x00000000c3630000)
 PSPermGen       total 21248K, used 7520K [0x00000000bba00000, 0x00000000bcec0000, 0x00000000c0c00000)
  object space 21248K, 35% used [0x00000000bba00000,0x00000000bc1580d0,0x00000000bcec0000)
}
Event: 1.640 GC heap before
{Heap before GC invocations=3 (full 0):
 PSYoungGen      total 35072K, used 34216K [0x00000000eaeb0000, 0x00000000ed390000, 0x0000000100000000)
  eden space 32384K, 100% used [0x00000000eaeb0000,0x00000000ece50000,0x00000000ece50000)
  from space 2688K, 68% used [0x00000000ed0f0000,0x00000000ed2ba360,0x00000000ed390000)
  to   space 2688K, 0% used [0x00000000ece50000,0x00000000ece50000,0x00000000ed0f0000)
 ParOldGen       total 43200K, used 16K [0x00000000c0c00000, 0x00000000c3630000, 0x00000000eaeb0000)
  object space 43200K, 0% used [0x00000000c0c00000,0x00000000c0c04000,0x00000000c3630000)
 PSPermGen       total 21248K, used 9502K [0x00000000bba00000, 0x00000000bcec0000, 0x00000000c0c00000)
  object space 21248K, 44% used [0x00000000bba00000,0x00000000bc347980,0x00000000bcec0000)
Event: 1.644 GC heap after
Heap after GC invocations=3 (full 0):
 PSYoungGen      total 35072K, used 2681K [0x00000000eaeb0000, 0x00000000ed390000, 0x0000000100000000)
  eden space 32384K, 0% used [0x00000000eaeb0000,0x00000000eaeb0000,0x00000000ece50000)
  from space 2688K, 99% used [0x00000000ece50000,0x00000000ed0ee450,0x00000000ed0f0000)
  to   space 2688K, 0% used [0x00000000ed0f0000,0x00000000ed0f0000,0x00000000ed390000)
 ParOldGen       total 43200K, used 138K [0x00000000c0c00000, 0x00000000c3630000, 0x00000000eaeb0000)
  object space 43200K, 0% used [0x00000000c0c00000,0x00000000c0c22bb0,0x00000000c3630000)
 PSPermGen       total 21248K, used 9502K [0x00000000bba00000, 0x00000000bcec0000, 0x00000000c0c00000)
  object space 21248K, 44% used [0x00000000bba00000,0x00000000bc347980,0x00000000bcec0000)
}

